<?xml version="1.0" encoding="UTF-8" ?>
<testsuite tests="8" failures="0" name="com.basic.FirstFeatureFile.RunMyFeatureTest" time="0.067" errors="0" skipped="7">
  <properties>
[...]
</properties>
  <testcase classname="Scenario: Login scenario test for Gmail" name="Given User need to be on gmail page" time="0.007">
    <skipped/>
    <system-out>Feature: Login for Gmail
</system-out>
  </testcase>
  <testcase classname="Scenario: Login scenario test for Gmail" name="When User enters Email" time="0.007">
    <skipped/>
  </testcase>
  <testcase classname="Scenario: Login scenario test for Gmail" name="When Clicks next button for password" time="0.007">
    <skipped/>
  </testcase>
  <testcase classname="Scenario: Login scenario test for Gmail" name="When User enters password" time="0.008">
    <skipped/>
  </testcase>
  <testcase classname="Scenario: Login scenario test for Gmail" name="When Clicks next button for login" time="0.008">
    <skipped/>
  </testcase>
  <testcase classname="Scenario: Login scenario test for Gmail" name="Then Mailbox page of user should be displayed" time="0.009">
    <skipped/>
  </testcase>
  <testcase classname="Scenario: Login scenario test for Gmail" name="Scenario: Login scenario test for Gmail" time="0.01">
    <skipped/>
  </testcase>
  <testcase classname="Scenario: Login scenario test for Gmail" name="Scenario: Login scenario test for Gmail" time="0.011"/>
</testsuite>